<?xml version="1.0" encoding="UTF-8"?>
<!-- Generated by org.testng.reporters.JUnitReportReporter -->
<testsuite hostname="DESKTOP-LG2T0TR" failures="0" tests="1" name="testcases.LoginTestCase" time="3.368" errors="0" timestamp="2024-12-15T04:44:13 GMT-08:00" skipped="0">
  <testcase classname="testcases.LoginTestCase" name="testLoginWithValidCredentials" time="3.368"/>
</testsuite> <!-- testcases.LoginTestCase -->
