<?xml version="1.0" encoding="UTF-8"?>
<!-- Generated by org.testng.reporters.JUnitReportReporter -->
<testsuite hostname="DESKTOP-LG2T0TR" failures="0" tests="1" name="testcases.LoginTestCase" time="11.119" errors="0" timestamp="2025-01-12T04:41:29 GMT-08:00" skipped="0">
  <testcase classname="testcases.LoginTestCase" name="testLoginWithValidCredentials" time="11.119"/>
</testsuite> <!-- testcases.LoginTestCase -->
