<?xml version="1.0" encoding="UTF-8"?>
<!-- Generated by org.testng.reporters.JUnitReportReporter -->
<testsuite hostname="DESKTOP-LG2T0TR" failures="0" tests="1" name="testcases.LoginTestCase" time="13.104" errors="0" timestamp="2024-12-29T08:21:17 GMT-08:00" skipped="0">
  <testcase classname="testcases.LoginTestCase" name="testLoginWithValidCredentials" time="13.104"/>
</testsuite> <!-- testcases.LoginTestCase -->
